[2021-11-21 17:26:48.769] [info] Reading object from file [gait2354_IK_Tasks_uniform.xml] cwd =/home/navier/Projects/Opensim_Nov_18th/zeno/assets/opensim.
[2021-11-21 17:26:48.779] [info] Updating Model file from 20303 to latest format...
[2021-11-21 17:26:48.832] [info] Loaded model subject01 from file subject01_simbody.osim
[2021-11-21 17:26:48.833] [warning] Couldn't find file 'sacrum.vtp'.
[2021-11-21 17:26:48.833] [warning] Couldn't find file 'pelvis.vtp'.
[2021-11-21 17:26:48.833] [warning] Couldn't find file 'l_pelvis.vtp'.
[2021-11-21 17:26:48.833] [warning] Couldn't find file 'femur.vtp'.
[2021-11-21 17:26:48.833] [warning] Couldn't find file 'tibia.vtp'.
[2021-11-21 17:26:48.833] [warning] Couldn't find file 'fibula.vtp'.
[2021-11-21 17:26:48.833] [warning] Couldn't find file 'talus.vtp'.
[2021-11-21 17:26:48.833] [warning] Couldn't find file 'foot.vtp'.
[2021-11-21 17:26:48.833] [warning] Couldn't find file 'bofoot.vtp'.
[2021-11-21 17:26:48.833] [warning] Couldn't find file 'l_femur.vtp'.
[2021-11-21 17:26:48.833] [warning] Couldn't find file 'l_tibia.vtp'.
[2021-11-21 17:26:48.833] [warning] Couldn't find file 'l_fibula.vtp'.
[2021-11-21 17:26:48.833] [warning] Couldn't find file 'l_talus.vtp'.
[2021-11-21 17:26:48.833] [warning] Couldn't find file 'l_foot.vtp'.
[2021-11-21 17:26:48.833] [warning] Couldn't find file 'l_bofoot.vtp'.
[2021-11-21 17:26:48.833] [warning] Couldn't find file 'hat_spine.vtp'.
[2021-11-21 17:26:48.833] [warning] Couldn't find file 'hat_jaw.vtp'.
[2021-11-21 17:26:48.833] [warning] Couldn't find file 'hat_skull.vtp'.
[2021-11-21 17:26:48.833] [warning] Couldn't find file 'hat_ribs.vtp'.
[2021-11-21 17:26:48.834] [info] ControllerSet 'Controllers' was renamed and is being reset to 'controllerset'.
[2021-11-21 17:26:48.835] [info] ComponentSet 'MiscComponents' was renamed and is being reset to 'componentset'.
[2021-11-21 17:26:48.838] [cout] [info] 
               MODEL: subject01
         coordinates: 23
              forces: 54
           actuators: 54
             muscles: 54
            analyses: 0
              probes: 0
              bodies: 12
              joints: 12
         constraints: 0
             markers: 39
         controllers: 0
  contact geometries: 0
misc modelcomponents: 0
[2021-11-21 17:26:48.838] [info] Running tool subject01.
[2021-11-21 17:26:49.123] [info] InverseKinematicsTool completed 73 frames in 265 millisecond(s).
[2021-11-21 17:31:45.669] [error] InverseDynamicsTool Failed: Object: Cannot open file subject01.osim. It may not exist or you do not have permission to read it.
	Thrown at Object.cpp:102 in Object().
[2021-11-21 17:35:45.923] [info] Updating Model file from 20302 to latest format...
[2021-11-21 17:35:45.975] [info] Loaded model subject01 from file subject01.osim
[2021-11-21 17:35:45.976] [warning] Couldn't find file 'treadmill.vtp'.
[2021-11-21 17:35:45.976] [warning] Couldn't find file 'sacrum.vtp'.
[2021-11-21 17:35:45.976] [warning] Couldn't find file 'pelvis.vtp'.
[2021-11-21 17:35:45.976] [warning] Couldn't find file 'l_pelvis.vtp'.
[2021-11-21 17:35:45.976] [warning] Couldn't find file 'femur.vtp'.
[2021-11-21 17:35:45.976] [warning] Couldn't find file 'tibia.vtp'.
[2021-11-21 17:35:45.976] [warning] Couldn't find file 'fibula.vtp'.
[2021-11-21 17:35:45.976] [warning] Couldn't find file 'talus.vtp'.
[2021-11-21 17:35:45.976] [warning] Couldn't find file 'foot.vtp'.
[2021-11-21 17:35:45.976] [warning] Couldn't find file 'bofoot.vtp'.
[2021-11-21 17:35:45.976] [warning] Couldn't find file 'l_femur.vtp'.
[2021-11-21 17:35:45.976] [warning] Couldn't find file 'l_tibia.vtp'.
[2021-11-21 17:35:45.976] [warning] Couldn't find file 'l_fibula.vtp'.
[2021-11-21 17:35:45.976] [warning] Couldn't find file 'l_talus.vtp'.
[2021-11-21 17:35:45.976] [warning] Couldn't find file 'l_foot.vtp'.
[2021-11-21 17:35:45.976] [warning] Couldn't find file 'l_bofoot.vtp'.
[2021-11-21 17:35:45.976] [warning] Couldn't find file 'hat_spine.vtp'.
[2021-11-21 17:35:45.976] [warning] Couldn't find file 'hat_jaw.vtp'.
[2021-11-21 17:35:45.976] [warning] Couldn't find file 'hat_skull.vtp'.
[2021-11-21 17:35:45.976] [warning] Couldn't find file 'hat_ribs.vtp'.
[2021-11-21 17:35:45.976] [info] ControllerSet 'Controllers' was renamed and is being reset to 'controllerset'.
[2021-11-21 17:35:45.980] [cout] [info] 
               MODEL: subject01
         coordinates: 23
              forces: 54
           actuators: 54
             muscles: 54
            analyses: 0
              probes: 0
              bodies: 12
              joints: 12
         constraints: 0
             markers: 39
         controllers: 0
  contact geometries: 0
misc modelcomponents: 0
[2021-11-21 17:35:45.980] [info] Running tool subject01...
[2021-11-21 17:35:45.996] [info] Old version storage/motion file encountered
[2021-11-21 17:35:45.996] [info] Storage: read data file = subject01_walk1_grf.mot (nr=9009 nc=19)
[2021-11-21 17:35:45.996] [info] .. assuming rotations in Degrees..
[2021-11-21 17:35:46.053] [info] ExternalForce::RightForce Data source being set to subject01_walk1_grf.mot
[2021-11-21 17:35:46.053] [info] ExternalForce::LeftForce Data source being set to subject01_walk1_grf.mot
[2021-11-21 17:35:46.072] [info] Old version storage/motion file encountered
[2021-11-21 17:35:46.072] [info] Storage: read data file = subject01_walk1_ik.mot (nr=211 nc=24)
[2021-11-21 17:35:46.072] [info] .. assuming rotations in Degrees..
[2021-11-21 17:35:46.074] [info] Low-pass filtering coordinates data with a cutoff frequency of 6.0...
[2021-11-21 17:35:46.685] [info] Updating Model file from 20302 to latest format...
[2021-11-21 17:35:46.770] [info] Loaded model subject01 from file subject01.osim
[2021-11-21 17:35:46.771] [warning] Couldn't find file 'treadmill.vtp'.
[2021-11-21 17:35:46.771] [warning] Couldn't find file 'sacrum.vtp'.
[2021-11-21 17:35:46.771] [warning] Couldn't find file 'pelvis.vtp'.
[2021-11-21 17:35:46.771] [warning] Couldn't find file 'l_pelvis.vtp'.
[2021-11-21 17:35:46.771] [warning] Couldn't find file 'femur.vtp'.
[2021-11-21 17:35:46.771] [warning] Couldn't find file 'tibia.vtp'.
[2021-11-21 17:35:46.771] [warning] Couldn't find file 'fibula.vtp'.
[2021-11-21 17:35:46.771] [warning] Couldn't find file 'talus.vtp'.
[2021-11-21 17:35:46.771] [warning] Couldn't find file 'foot.vtp'.
[2021-11-21 17:35:46.771] [warning] Couldn't find file 'bofoot.vtp'.
[2021-11-21 17:35:46.771] [warning] Couldn't find file 'l_femur.vtp'.
[2021-11-21 17:35:46.771] [warning] Couldn't find file 'l_tibia.vtp'.
[2021-11-21 17:35:46.772] [warning] Couldn't find file 'l_fibula.vtp'.
[2021-11-21 17:35:46.772] [warning] Couldn't find file 'l_talus.vtp'.
[2021-11-21 17:35:46.772] [warning] Couldn't find file 'l_foot.vtp'.
[2021-11-21 17:35:46.772] [warning] Couldn't find file 'l_bofoot.vtp'.
[2021-11-21 17:35:46.772] [warning] Couldn't find file 'hat_spine.vtp'.
[2021-11-21 17:35:46.772] [warning] Couldn't find file 'hat_jaw.vtp'.
[2021-11-21 17:35:46.772] [warning] Couldn't find file 'hat_skull.vtp'.
[2021-11-21 17:35:46.772] [warning] Couldn't find file 'hat_ribs.vtp'.
[2021-11-21 17:35:46.772] [info] ControllerSet 'Controllers' was renamed and is being reset to 'controllerset'.
[2021-11-21 17:35:46.778] [cout] [info] 
               MODEL: subject01
         coordinates: 23
              forces: 54
           actuators: 54
             muscles: 54
            analyses: 0
              probes: 0
              bodies: 12
              joints: 12
         constraints: 0
             markers: 39
         controllers: 0
  contact geometries: 0
misc modelcomponents: 0
[2021-11-21 17:35:46.778] [info] Running tool subject01...
[2021-11-21 17:35:46.801] [info] Old version storage/motion file encountered
[2021-11-21 17:35:46.801] [info] Storage: read data file = subject01_walk1_grf.mot (nr=9009 nc=19)
[2021-11-21 17:35:46.801] [info] .. assuming rotations in Degrees..
[2021-11-21 17:35:46.899] [info] ExternalForce::RightForce Data source being set to subject01_walk1_grf.mot
[2021-11-21 17:35:46.899] [info] ExternalForce::LeftForce Data source being set to subject01_walk1_grf.mot
[2021-11-21 17:35:46.926] [info] Old version storage/motion file encountered
[2021-11-21 17:35:46.926] [info] Storage: read data file = subject01_walk1_ik.mot (nr=211 nc=24)
[2021-11-21 17:35:46.926] [info] .. assuming rotations in Degrees..
[2021-11-21 17:35:46.929] [info] Low-pass filtering coordinates data with a cutoff frequency of 6.0...
[2021-11-21 17:35:48.307] [info] InverseDynamicsTool: 67 time frames in 1 second(s).
[2021-11-21 18:06:59.386] [info] Updating Model file from 20303 to latest format...
[2021-11-21 18:06:59.462] [info] Loaded model subject01 from file assets/opensim/subject01_simbody.osim
[2021-11-21 18:06:59.462] [warning] Couldn't find file 'sacrum.vtp'.
[2021-11-21 18:06:59.462] [warning] Couldn't find file 'pelvis.vtp'.
[2021-11-21 18:06:59.462] [warning] Couldn't find file 'l_pelvis.vtp'.
[2021-11-21 18:06:59.462] [warning] Couldn't find file 'femur.vtp'.
[2021-11-21 18:06:59.463] [warning] Couldn't find file 'tibia.vtp'.
[2021-11-21 18:06:59.463] [warning] Couldn't find file 'fibula.vtp'.
[2021-11-21 18:06:59.463] [warning] Couldn't find file 'talus.vtp'.
[2021-11-21 18:06:59.463] [warning] Couldn't find file 'foot.vtp'.
[2021-11-21 18:06:59.463] [warning] Couldn't find file 'bofoot.vtp'.
[2021-11-21 18:06:59.463] [warning] Couldn't find file 'l_femur.vtp'.
[2021-11-21 18:06:59.463] [warning] Couldn't find file 'l_tibia.vtp'.
[2021-11-21 18:06:59.463] [warning] Couldn't find file 'l_fibula.vtp'.
[2021-11-21 18:06:59.463] [warning] Couldn't find file 'l_talus.vtp'.
[2021-11-21 18:06:59.463] [warning] Couldn't find file 'l_foot.vtp'.
[2021-11-21 18:06:59.463] [warning] Couldn't find file 'l_bofoot.vtp'.
[2021-11-21 18:06:59.463] [warning] Couldn't find file 'hat_spine.vtp'.
[2021-11-21 18:06:59.463] [warning] Couldn't find file 'hat_jaw.vtp'.
[2021-11-21 18:06:59.463] [warning] Couldn't find file 'hat_skull.vtp'.
[2021-11-21 18:06:59.463] [warning] Couldn't find file 'hat_ribs.vtp'.
[2021-11-21 18:06:59.463] [info] ControllerSet 'Controllers' was renamed and is being reset to 'controllerset'.
[2021-11-21 18:06:59.465] [info] ComponentSet 'MiscComponents' was renamed and is being reset to 'componentset'.
[2021-11-21 18:21:37.077] [info] Updating Model file from 20303 to latest format...
[2021-11-21 18:21:37.150] [info] Loaded model subject01 from file assets/opensim/subject01_simbody.osim
[2021-11-21 18:21:37.151] [warning] Couldn't find file 'sacrum.vtp'.
[2021-11-21 18:21:37.151] [warning] Couldn't find file 'pelvis.vtp'.
[2021-11-21 18:21:37.151] [warning] Couldn't find file 'l_pelvis.vtp'.
[2021-11-21 18:21:37.151] [warning] Couldn't find file 'femur.vtp'.
[2021-11-21 18:21:37.151] [warning] Couldn't find file 'tibia.vtp'.
[2021-11-21 18:21:37.151] [warning] Couldn't find file 'fibula.vtp'.
[2021-11-21 18:21:37.151] [warning] Couldn't find file 'talus.vtp'.
[2021-11-21 18:21:37.151] [warning] Couldn't find file 'foot.vtp'.
[2021-11-21 18:21:37.151] [warning] Couldn't find file 'bofoot.vtp'.
[2021-11-21 18:21:37.151] [warning] Couldn't find file 'l_femur.vtp'.
[2021-11-21 18:21:37.151] [warning] Couldn't find file 'l_tibia.vtp'.
[2021-11-21 18:21:37.151] [warning] Couldn't find file 'l_fibula.vtp'.
[2021-11-21 18:21:37.152] [warning] Couldn't find file 'l_talus.vtp'.
[2021-11-21 18:21:37.152] [warning] Couldn't find file 'l_foot.vtp'.
[2021-11-21 18:21:37.152] [warning] Couldn't find file 'l_bofoot.vtp'.
[2021-11-21 18:21:37.152] [warning] Couldn't find file 'hat_spine.vtp'.
[2021-11-21 18:21:37.152] [warning] Couldn't find file 'hat_jaw.vtp'.
[2021-11-21 18:21:37.152] [warning] Couldn't find file 'hat_skull.vtp'.
[2021-11-21 18:21:37.152] [warning] Couldn't find file 'hat_ribs.vtp'.
[2021-11-21 18:21:37.152] [info] ControllerSet 'Controllers' was renamed and is being reset to 'controllerset'.
[2021-11-21 18:21:37.154] [info] ComponentSet 'MiscComponents' was renamed and is being reset to 'componentset'.
[2021-11-21 18:21:37.635] [info] Updating Model file from 20303 to latest format...
[2021-11-21 18:21:37.683] [info] Loaded model subject01 from file assets/opensim/subject01_simbody.osim
[2021-11-21 18:21:37.683] [warning] Couldn't find file 'sacrum.vtp'.
[2021-11-21 18:21:37.683] [warning] Couldn't find file 'pelvis.vtp'.
[2021-11-21 18:21:37.683] [warning] Couldn't find file 'l_pelvis.vtp'.
[2021-11-21 18:21:37.683] [warning] Couldn't find file 'femur.vtp'.
[2021-11-21 18:21:37.684] [warning] Couldn't find file 'tibia.vtp'.
[2021-11-21 18:21:37.684] [warning] Couldn't find file 'fibula.vtp'.
[2021-11-21 18:21:37.684] [warning] Couldn't find file 'talus.vtp'.
[2021-11-21 18:21:37.684] [warning] Couldn't find file 'foot.vtp'.
[2021-11-21 18:21:37.684] [warning] Couldn't find file 'bofoot.vtp'.
[2021-11-21 18:21:37.684] [warning] Couldn't find file 'l_femur.vtp'.
[2021-11-21 18:21:37.684] [warning] Couldn't find file 'l_tibia.vtp'.
[2021-11-21 18:21:37.684] [warning] Couldn't find file 'l_fibula.vtp'.
[2021-11-21 18:21:37.684] [warning] Couldn't find file 'l_talus.vtp'.
[2021-11-21 18:21:37.684] [warning] Couldn't find file 'l_foot.vtp'.
[2021-11-21 18:21:37.684] [warning] Couldn't find file 'l_bofoot.vtp'.
[2021-11-21 18:21:37.684] [warning] Couldn't find file 'hat_spine.vtp'.
[2021-11-21 18:21:37.684] [warning] Couldn't find file 'hat_jaw.vtp'.
[2021-11-21 18:21:37.684] [warning] Couldn't find file 'hat_skull.vtp'.
[2021-11-21 18:21:37.684] [warning] Couldn't find file 'hat_ribs.vtp'.
[2021-11-21 18:21:37.684] [info] ControllerSet 'Controllers' was renamed and is being reset to 'controllerset'.
[2021-11-21 18:21:37.685] [info] ComponentSet 'MiscComponents' was renamed and is being reset to 'componentset'.
[2021-11-23 11:12:19.671] [info] Updating Model file from 20302 to latest format...
[2021-11-23 11:12:19.715] [info] Loaded model subject01 from file subject01.osim
[2021-11-23 11:12:19.716] [warning] Couldn't find file 'treadmill.vtp'.
[2021-11-23 11:12:19.716] [warning] Couldn't find file 'sacrum.vtp'.
[2021-11-23 11:12:19.716] [warning] Couldn't find file 'pelvis.vtp'.
[2021-11-23 11:12:19.716] [warning] Couldn't find file 'l_pelvis.vtp'.
[2021-11-23 11:12:19.716] [warning] Couldn't find file 'femur.vtp'.
[2021-11-23 11:12:19.716] [warning] Couldn't find file 'tibia.vtp'.
[2021-11-23 11:12:19.716] [warning] Couldn't find file 'fibula.vtp'.
[2021-11-23 11:12:19.716] [warning] Couldn't find file 'talus.vtp'.
[2021-11-23 11:12:19.716] [warning] Couldn't find file 'foot.vtp'.
[2021-11-23 11:12:19.716] [warning] Couldn't find file 'bofoot.vtp'.
[2021-11-23 11:12:19.716] [warning] Couldn't find file 'l_femur.vtp'.
[2021-11-23 11:12:19.716] [warning] Couldn't find file 'l_tibia.vtp'.
[2021-11-23 11:12:19.716] [warning] Couldn't find file 'l_fibula.vtp'.
[2021-11-23 11:12:19.716] [warning] Couldn't find file 'l_talus.vtp'.
[2021-11-23 11:12:19.716] [warning] Couldn't find file 'l_foot.vtp'.
[2021-11-23 11:12:19.717] [warning] Couldn't find file 'l_bofoot.vtp'.
[2021-11-23 11:12:19.717] [warning] Couldn't find file 'hat_spine.vtp'.
[2021-11-23 11:12:19.717] [warning] Couldn't find file 'hat_jaw.vtp'.
[2021-11-23 11:12:19.717] [warning] Couldn't find file 'hat_skull.vtp'.
[2021-11-23 11:12:19.717] [warning] Couldn't find file 'hat_ribs.vtp'.
[2021-11-23 11:12:19.717] [info] ControllerSet 'Controllers' was renamed and is being reset to 'controllerset'.
[2021-11-23 11:12:19.720] [cout] [info] 
               MODEL: subject01
         coordinates: 23
              forces: 54
           actuators: 54
             muscles: 54
            analyses: 0
              probes: 0
              bodies: 12
              joints: 12
         constraints: 0
             markers: 39
         controllers: 0
  contact geometries: 0
misc modelcomponents: 0
[2021-11-23 11:12:19.721] [info] Running tool subject01...
[2021-11-23 11:12:19.735] [info] Old version storage/motion file encountered
[2021-11-23 11:12:19.735] [info] Storage: read data file = subject01_walk1_grf.mot (nr=9009 nc=19)
[2021-11-23 11:12:19.735] [info] .. assuming rotations in Degrees..
[2021-11-23 11:12:19.782] [info] ExternalForce::RightForce Data source being set to subject01_walk1_grf.mot
[2021-11-23 11:12:19.782] [info] ExternalForce::LeftForce Data source being set to subject01_walk1_grf.mot
[2021-11-23 11:12:19.800] [info] Old version storage/motion file encountered
[2021-11-23 11:12:19.800] [info] Storage: read data file = subject01_walk1_ik.mot (nr=211 nc=24)
[2021-11-23 11:12:19.800] [info] .. assuming rotations in Degrees..
[2021-11-23 11:12:19.802] [info] Low-pass filtering coordinates data with a cutoff frequency of 6.0...
[2021-11-23 11:12:21.394] [info] InverseDynamicsTool: 67 time frames in 1 second(s).
[2021-11-23 11:12:21.428] [info] Updating Model file from 20302 to latest format...
[2021-11-23 11:12:21.525] [info] Loaded model subject01 from file subject01.osim
[2021-11-23 11:12:21.526] [warning] Couldn't find file 'treadmill.vtp'.
[2021-11-23 11:12:21.526] [warning] Couldn't find file 'sacrum.vtp'.
[2021-11-23 11:12:21.526] [warning] Couldn't find file 'pelvis.vtp'.
[2021-11-23 11:12:21.526] [warning] Couldn't find file 'l_pelvis.vtp'.
[2021-11-23 11:12:21.526] [warning] Couldn't find file 'femur.vtp'.
[2021-11-23 11:12:21.526] [warning] Couldn't find file 'tibia.vtp'.
[2021-11-23 11:12:21.526] [warning] Couldn't find file 'fibula.vtp'.
[2021-11-23 11:12:21.526] [warning] Couldn't find file 'talus.vtp'.
[2021-11-23 11:12:21.527] [warning] Couldn't find file 'foot.vtp'.
[2021-11-23 11:12:21.527] [warning] Couldn't find file 'bofoot.vtp'.
[2021-11-23 11:12:21.527] [warning] Couldn't find file 'l_femur.vtp'.
[2021-11-23 11:12:21.527] [warning] Couldn't find file 'l_tibia.vtp'.
[2021-11-23 11:12:21.527] [warning] Couldn't find file 'l_fibula.vtp'.
[2021-11-23 11:12:21.527] [warning] Couldn't find file 'l_talus.vtp'.
[2021-11-23 11:12:21.527] [warning] Couldn't find file 'l_foot.vtp'.
[2021-11-23 11:12:21.527] [warning] Couldn't find file 'l_bofoot.vtp'.
[2021-11-23 11:12:21.527] [warning] Couldn't find file 'hat_spine.vtp'.
[2021-11-23 11:12:21.527] [warning] Couldn't find file 'hat_jaw.vtp'.
[2021-11-23 11:12:21.527] [warning] Couldn't find file 'hat_skull.vtp'.
[2021-11-23 11:12:21.527] [warning] Couldn't find file 'hat_ribs.vtp'.
[2021-11-23 11:12:21.528] [info] ControllerSet 'Controllers' was renamed and is being reset to 'controllerset'.
[2021-11-23 11:12:21.536] [cout] [info] 
               MODEL: subject01
         coordinates: 23
              forces: 54
           actuators: 54
             muscles: 54
            analyses: 0
              probes: 0
              bodies: 12
              joints: 12
         constraints: 0
             markers: 39
         controllers: 0
  contact geometries: 0
misc modelcomponents: 0
[2021-11-23 11:12:21.536] [info] Running tool subject01...
[2021-11-23 11:12:21.564] [info] Old version storage/motion file encountered
[2021-11-23 11:12:21.564] [info] Storage: read data file = subject01_walk1_grf.mot (nr=9009 nc=19)
[2021-11-23 11:12:21.564] [info] .. assuming rotations in Degrees..
[2021-11-23 11:12:21.682] [info] ExternalForce::RightForce Data source being set to subject01_walk1_grf.mot
[2021-11-23 11:12:21.682] [info] ExternalForce::LeftForce Data source being set to subject01_walk1_grf.mot
[2021-11-23 11:12:21.711] [info] Old version storage/motion file encountered
[2021-11-23 11:12:21.711] [info] Storage: read data file = subject01_walk1_ik.mot (nr=211 nc=24)
[2021-11-23 11:12:21.711] [info] .. assuming rotations in Degrees..
[2021-11-23 11:12:21.716] [info] Low-pass filtering coordinates data with a cutoff frequency of 6.0...
[2021-11-23 11:12:23.571] [info] InverseDynamicsTool: 67 time frames in 1 second(s).
[2021-11-23 11:12:23.589] [info] Updating Model file from 20302 to latest format...
[2021-11-23 11:12:23.634] [info] Loaded model subject01 from file subject01.osim
[2021-11-23 11:12:23.635] [warning] Couldn't find file 'treadmill.vtp'.
[2021-11-23 11:12:23.635] [warning] Couldn't find file 'sacrum.vtp'.
[2021-11-23 11:12:23.635] [warning] Couldn't find file 'pelvis.vtp'.
[2021-11-23 11:12:23.635] [warning] Couldn't find file 'l_pelvis.vtp'.
[2021-11-23 11:12:23.635] [warning] Couldn't find file 'femur.vtp'.
[2021-11-23 11:12:23.635] [warning] Couldn't find file 'tibia.vtp'.
[2021-11-23 11:12:23.635] [warning] Couldn't find file 'fibula.vtp'.
[2021-11-23 11:12:23.635] [warning] Couldn't find file 'talus.vtp'.
[2021-11-23 11:12:23.635] [warning] Couldn't find file 'foot.vtp'.
[2021-11-23 11:12:23.635] [warning] Couldn't find file 'bofoot.vtp'.
[2021-11-23 11:12:23.635] [warning] Couldn't find file 'l_femur.vtp'.
[2021-11-23 11:12:23.635] [warning] Couldn't find file 'l_tibia.vtp'.
[2021-11-23 11:12:23.635] [warning] Couldn't find file 'l_fibula.vtp'.
[2021-11-23 11:12:23.635] [warning] Couldn't find file 'l_talus.vtp'.
[2021-11-23 11:12:23.635] [warning] Couldn't find file 'l_foot.vtp'.
[2021-11-23 11:12:23.635] [warning] Couldn't find file 'l_bofoot.vtp'.
[2021-11-23 11:12:23.635] [warning] Couldn't find file 'hat_spine.vtp'.
[2021-11-23 11:12:23.635] [warning] Couldn't find file 'hat_jaw.vtp'.
[2021-11-23 11:12:23.635] [warning] Couldn't find file 'hat_skull.vtp'.
[2021-11-23 11:12:23.635] [warning] Couldn't find file 'hat_ribs.vtp'.
[2021-11-23 11:12:23.635] [info] ControllerSet 'Controllers' was renamed and is being reset to 'controllerset'.
[2021-11-23 11:12:23.639] [cout] [info] 
               MODEL: subject01
         coordinates: 23
              forces: 54
           actuators: 54
             muscles: 54
            analyses: 0
              probes: 0
              bodies: 12
              joints: 12
         constraints: 0
             markers: 39
         controllers: 0
  contact geometries: 0
misc modelcomponents: 0
[2021-11-23 11:12:23.639] [info] Running tool subject01...
[2021-11-23 11:12:23.652] [info] Old version storage/motion file encountered
[2021-11-23 11:12:23.652] [info] Storage: read data file = subject01_walk1_grf.mot (nr=9009 nc=19)
[2021-11-23 11:12:23.652] [info] .. assuming rotations in Degrees..
[2021-11-23 11:12:23.701] [info] ExternalForce::RightForce Data source being set to subject01_walk1_grf.mot
[2021-11-23 11:12:23.701] [info] ExternalForce::LeftForce Data source being set to subject01_walk1_grf.mot
[2021-11-23 11:12:23.714] [info] Old version storage/motion file encountered
[2021-11-23 11:12:23.714] [info] Storage: read data file = subject01_walk1_ik.mot (nr=211 nc=24)
[2021-11-23 11:12:23.714] [info] .. assuming rotations in Degrees..
[2021-11-23 11:12:23.716] [info] Low-pass filtering coordinates data with a cutoff frequency of 6.0...
[2021-11-23 11:12:24.848] [info] InverseDynamicsTool: 67 time frames in 933 millisecond(s).
[2021-11-23 11:12:24.867] [info] Updating Model file from 20302 to latest format...
[2021-11-23 11:12:24.916] [info] Loaded model subject01 from file subject01.osim
[2021-11-23 11:12:24.917] [warning] Couldn't find file 'treadmill.vtp'.
[2021-11-23 11:12:24.917] [warning] Couldn't find file 'sacrum.vtp'.
[2021-11-23 11:12:24.917] [warning] Couldn't find file 'pelvis.vtp'.
[2021-11-23 11:12:24.917] [warning] Couldn't find file 'l_pelvis.vtp'.
[2021-11-23 11:12:24.917] [warning] Couldn't find file 'femur.vtp'.
[2021-11-23 11:12:24.917] [warning] Couldn't find file 'tibia.vtp'.
[2021-11-23 11:12:24.917] [warning] Couldn't find file 'fibula.vtp'.
[2021-11-23 11:12:24.917] [warning] Couldn't find file 'talus.vtp'.
[2021-11-23 11:12:24.917] [warning] Couldn't find file 'foot.vtp'.
[2021-11-23 11:12:24.917] [warning] Couldn't find file 'bofoot.vtp'.
[2021-11-23 11:12:24.917] [warning] Couldn't find file 'l_femur.vtp'.
[2021-11-23 11:12:24.917] [warning] Couldn't find file 'l_tibia.vtp'.
[2021-11-23 11:12:24.917] [warning] Couldn't find file 'l_fibula.vtp'.
[2021-11-23 11:12:24.917] [warning] Couldn't find file 'l_talus.vtp'.
[2021-11-23 11:12:24.917] [warning] Couldn't find file 'l_foot.vtp'.
[2021-11-23 11:12:24.917] [warning] Couldn't find file 'l_bofoot.vtp'.
[2021-11-23 11:12:24.917] [warning] Couldn't find file 'hat_spine.vtp'.
[2021-11-23 11:12:24.917] [warning] Couldn't find file 'hat_jaw.vtp'.
[2021-11-23 11:12:24.917] [warning] Couldn't find file 'hat_skull.vtp'.
[2021-11-23 11:12:24.917] [warning] Couldn't find file 'hat_ribs.vtp'.
[2021-11-23 11:12:24.918] [info] ControllerSet 'Controllers' was renamed and is being reset to 'controllerset'.
[2021-11-23 11:12:24.921] [cout] [info] 
               MODEL: subject01
         coordinates: 23
              forces: 54
           actuators: 54
             muscles: 54
            analyses: 0
              probes: 0
              bodies: 12
              joints: 12
         constraints: 0
             markers: 39
         controllers: 0
  contact geometries: 0
misc modelcomponents: 0
[2021-11-23 11:12:24.921] [info] Running tool subject01...
[2021-11-23 11:12:24.933] [info] Old version storage/motion file encountered
[2021-11-23 11:12:24.933] [info] Storage: read data file = subject01_walk1_grf.mot (nr=9009 nc=19)
[2021-11-23 11:12:24.933] [info] .. assuming rotations in Degrees..
[2021-11-23 11:12:24.981] [info] ExternalForce::RightForce Data source being set to subject01_walk1_grf.mot
[2021-11-23 11:12:24.981] [info] ExternalForce::LeftForce Data source being set to subject01_walk1_grf.mot
[2021-11-23 11:12:24.995] [info] Old version storage/motion file encountered
[2021-11-23 11:12:24.995] [info] Storage: read data file = subject01_walk1_ik.mot (nr=211 nc=24)
[2021-11-23 11:12:24.995] [info] .. assuming rotations in Degrees..
[2021-11-23 11:12:24.998] [info] Low-pass filtering coordinates data with a cutoff frequency of 6.0...
[2021-11-23 11:12:26.128] [info] InverseDynamicsTool: 67 time frames in 928 millisecond(s).
[2021-11-23 11:12:26.146] [info] Updating Model file from 20302 to latest format...
[2021-11-23 11:12:26.190] [info] Loaded model subject01 from file subject01.osim
[2021-11-23 11:12:26.191] [warning] Couldn't find file 'treadmill.vtp'.
[2021-11-23 11:12:26.191] [warning] Couldn't find file 'sacrum.vtp'.
[2021-11-23 11:12:26.191] [warning] Couldn't find file 'pelvis.vtp'.
[2021-11-23 11:12:26.191] [warning] Couldn't find file 'l_pelvis.vtp'.
[2021-11-23 11:12:26.191] [warning] Couldn't find file 'femur.vtp'.
[2021-11-23 11:12:26.191] [warning] Couldn't find file 'tibia.vtp'.
[2021-11-23 11:12:26.191] [warning] Couldn't find file 'fibula.vtp'.
[2021-11-23 11:12:26.191] [warning] Couldn't find file 'talus.vtp'.
[2021-11-23 11:12:26.191] [warning] Couldn't find file 'foot.vtp'.
[2021-11-23 11:12:26.191] [warning] Couldn't find file 'bofoot.vtp'.
[2021-11-23 11:12:26.191] [warning] Couldn't find file 'l_femur.vtp'.
[2021-11-23 11:12:26.191] [warning] Couldn't find file 'l_tibia.vtp'.
[2021-11-23 11:12:26.191] [warning] Couldn't find file 'l_fibula.vtp'.
[2021-11-23 11:12:26.191] [warning] Couldn't find file 'l_talus.vtp'.
[2021-11-23 11:12:26.191] [warning] Couldn't find file 'l_foot.vtp'.
[2021-11-23 11:12:26.191] [warning] Couldn't find file 'l_bofoot.vtp'.
[2021-11-23 11:12:26.191] [warning] Couldn't find file 'hat_spine.vtp'.
[2021-11-23 11:12:26.191] [warning] Couldn't find file 'hat_jaw.vtp'.
[2021-11-23 11:12:26.191] [warning] Couldn't find file 'hat_skull.vtp'.
[2021-11-23 11:12:26.191] [warning] Couldn't find file 'hat_ribs.vtp'.
[2021-11-23 11:12:26.192] [info] ControllerSet 'Controllers' was renamed and is being reset to 'controllerset'.
[2021-11-23 11:12:26.196] [cout] [info] 
               MODEL: subject01
         coordinates: 23
              forces: 54
           actuators: 54
             muscles: 54
            analyses: 0
              probes: 0
              bodies: 12
              joints: 12
         constraints: 0
             markers: 39
         controllers: 0
  contact geometries: 0
misc modelcomponents: 0
[2021-11-23 11:12:26.196] [info] Running tool subject01...
[2021-11-23 11:12:26.207] [info] Old version storage/motion file encountered
[2021-11-23 11:12:26.207] [info] Storage: read data file = subject01_walk1_grf.mot (nr=9009 nc=19)
[2021-11-23 11:12:26.207] [info] .. assuming rotations in Degrees..
[2021-11-23 11:12:26.255] [info] ExternalForce::RightForce Data source being set to subject01_walk1_grf.mot
[2021-11-23 11:12:26.255] [info] ExternalForce::LeftForce Data source being set to subject01_walk1_grf.mot
[2021-11-23 11:12:26.268] [info] Old version storage/motion file encountered
[2021-11-23 11:12:26.268] [info] Storage: read data file = subject01_walk1_ik.mot (nr=211 nc=24)
[2021-11-23 11:12:26.268] [info] .. assuming rotations in Degrees..
[2021-11-23 11:12:26.270] [info] Low-pass filtering coordinates data with a cutoff frequency of 6.0...
[2021-11-23 11:12:27.391] [info] InverseDynamicsTool: 67 time frames in 925 millisecond(s).
[2021-11-23 11:12:27.409] [info] Updating Model file from 20302 to latest format...
[2021-11-23 11:12:27.454] [info] Loaded model subject01 from file subject01.osim
[2021-11-23 11:12:27.455] [warning] Couldn't find file 'treadmill.vtp'.
[2021-11-23 11:12:27.455] [warning] Couldn't find file 'sacrum.vtp'.
[2021-11-23 11:12:27.455] [warning] Couldn't find file 'pelvis.vtp'.
[2021-11-23 11:12:27.455] [warning] Couldn't find file 'l_pelvis.vtp'.
[2021-11-23 11:12:27.455] [warning] Couldn't find file 'femur.vtp'.
[2021-11-23 11:12:27.455] [warning] Couldn't find file 'tibia.vtp'.
[2021-11-23 11:12:27.455] [warning] Couldn't find file 'fibula.vtp'.
[2021-11-23 11:12:27.455] [warning] Couldn't find file 'talus.vtp'.
[2021-11-23 11:12:27.455] [warning] Couldn't find file 'foot.vtp'.
[2021-11-23 11:12:27.455] [warning] Couldn't find file 'bofoot.vtp'.
[2021-11-23 11:12:27.455] [warning] Couldn't find file 'l_femur.vtp'.
[2021-11-23 11:12:27.455] [warning] Couldn't find file 'l_tibia.vtp'.
[2021-11-23 11:12:27.455] [warning] Couldn't find file 'l_fibula.vtp'.
[2021-11-23 11:12:27.455] [warning] Couldn't find file 'l_talus.vtp'.
[2021-11-23 11:12:27.455] [warning] Couldn't find file 'l_foot.vtp'.
[2021-11-23 11:12:27.455] [warning] Couldn't find file 'l_bofoot.vtp'.
[2021-11-23 11:12:27.455] [warning] Couldn't find file 'hat_spine.vtp'.
[2021-11-23 11:12:27.455] [warning] Couldn't find file 'hat_jaw.vtp'.
[2021-11-23 11:12:27.455] [warning] Couldn't find file 'hat_skull.vtp'.
[2021-11-23 11:12:27.455] [warning] Couldn't find file 'hat_ribs.vtp'.
[2021-11-23 11:12:27.456] [info] ControllerSet 'Controllers' was renamed and is being reset to 'controllerset'.
[2021-11-23 11:12:27.460] [cout] [info] 
               MODEL: subject01
         coordinates: 23
              forces: 54
           actuators: 54
             muscles: 54
            analyses: 0
              probes: 0
              bodies: 12
              joints: 12
         constraints: 0
             markers: 39
         controllers: 0
  contact geometries: 0
misc modelcomponents: 0
[2021-11-23 11:12:27.460] [info] Running tool subject01...
[2021-11-23 11:12:27.471] [info] Old version storage/motion file encountered
[2021-11-23 11:12:27.471] [info] Storage: read data file = subject01_walk1_grf.mot (nr=9009 nc=19)
[2021-11-23 11:12:27.471] [info] .. assuming rotations in Degrees..
[2021-11-23 11:12:27.519] [info] ExternalForce::RightForce Data source being set to subject01_walk1_grf.mot
[2021-11-23 11:12:27.519] [info] ExternalForce::LeftForce Data source being set to subject01_walk1_grf.mot
[2021-11-23 11:12:27.533] [info] Old version storage/motion file encountered
[2021-11-23 11:12:27.533] [info] Storage: read data file = subject01_walk1_ik.mot (nr=211 nc=24)
[2021-11-23 11:12:27.533] [info] .. assuming rotations in Degrees..
[2021-11-23 11:12:27.535] [info] Low-pass filtering coordinates data with a cutoff frequency of 6.0...
[2021-11-23 11:12:29.088] [info] Updating Model file from 20302 to latest format...
[2021-11-23 11:12:29.142] [info] Loaded model subject01 from file subject01.osim
[2021-11-23 11:12:29.143] [warning] Couldn't find file 'treadmill.vtp'.
[2021-11-23 11:12:29.143] [warning] Couldn't find file 'sacrum.vtp'.
[2021-11-23 11:12:29.143] [warning] Couldn't find file 'pelvis.vtp'.
[2021-11-23 11:12:29.143] [warning] Couldn't find file 'l_pelvis.vtp'.
[2021-11-23 11:12:29.143] [warning] Couldn't find file 'femur.vtp'.
[2021-11-23 11:12:29.143] [warning] Couldn't find file 'tibia.vtp'.
[2021-11-23 11:12:29.143] [warning] Couldn't find file 'fibula.vtp'.
[2021-11-23 11:12:29.143] [warning] Couldn't find file 'talus.vtp'.
[2021-11-23 11:12:29.143] [warning] Couldn't find file 'foot.vtp'.
[2021-11-23 11:12:29.143] [warning] Couldn't find file 'bofoot.vtp'.
[2021-11-23 11:12:29.143] [warning] Couldn't find file 'l_femur.vtp'.
[2021-11-23 11:12:29.143] [warning] Couldn't find file 'l_tibia.vtp'.
[2021-11-23 11:12:29.143] [warning] Couldn't find file 'l_fibula.vtp'.
[2021-11-23 11:12:29.143] [warning] Couldn't find file 'l_talus.vtp'.
[2021-11-23 11:12:29.143] [warning] Couldn't find file 'l_foot.vtp'.
[2021-11-23 11:12:29.143] [warning] Couldn't find file 'l_bofoot.vtp'.
[2021-11-23 11:12:29.143] [warning] Couldn't find file 'hat_spine.vtp'.
[2021-11-23 11:12:29.143] [warning] Couldn't find file 'hat_jaw.vtp'.
[2021-11-23 11:12:29.143] [warning] Couldn't find file 'hat_skull.vtp'.
[2021-11-23 11:12:29.143] [warning] Couldn't find file 'hat_ribs.vtp'.
[2021-11-23 11:12:29.144] [info] ControllerSet 'Controllers' was renamed and is being reset to 'controllerset'.
[2021-11-23 11:12:29.148] [cout] [info] 
               MODEL: subject01
         coordinates: 23
              forces: 54
           actuators: 54
             muscles: 54
            analyses: 0
              probes: 0
              bodies: 12
              joints: 12
         constraints: 0
             markers: 39
         controllers: 0
  contact geometries: 0
misc modelcomponents: 0
[2021-11-23 11:12:29.148] [info] Running tool subject01...
[2021-11-23 11:12:29.165] [info] Old version storage/motion file encountered
[2021-11-23 11:12:29.165] [info] Storage: read data file = subject01_walk1_grf.mot (nr=9009 nc=19)
[2021-11-23 11:12:29.165] [info] .. assuming rotations in Degrees..
[2021-11-23 11:12:29.220] [info] ExternalForce::RightForce Data source being set to subject01_walk1_grf.mot
[2021-11-23 11:12:29.220] [info] ExternalForce::LeftForce Data source being set to subject01_walk1_grf.mot
[2021-11-23 11:12:29.240] [info] Old version storage/motion file encountered
[2021-11-23 11:12:29.240] [info] Storage: read data file = subject01_walk1_ik.mot (nr=211 nc=24)
[2021-11-23 11:12:29.240] [info] .. assuming rotations in Degrees..
[2021-11-23 11:12:29.242] [info] Low-pass filtering coordinates data with a cutoff frequency of 6.0...
[2021-11-23 11:12:30.383] [info] InverseDynamicsTool: 67 time frames in 934 millisecond(s).
[2021-11-23 11:12:51.674] [info] Updating Model file from 20302 to latest format...
[2021-11-23 11:12:51.754] [info] Loaded model subject01 from file subject01.osim
[2021-11-23 11:12:51.755] [warning] Couldn't find file 'treadmill.vtp'.
[2021-11-23 11:12:51.755] [warning] Couldn't find file 'sacrum.vtp'.
[2021-11-23 11:12:51.755] [warning] Couldn't find file 'pelvis.vtp'.
[2021-11-23 11:12:51.755] [warning] Couldn't find file 'l_pelvis.vtp'.
[2021-11-23 11:12:51.755] [warning] Couldn't find file 'femur.vtp'.
[2021-11-23 11:12:51.755] [warning] Couldn't find file 'tibia.vtp'.
[2021-11-23 11:12:51.755] [warning] Couldn't find file 'fibula.vtp'.
[2021-11-23 11:12:51.755] [warning] Couldn't find file 'talus.vtp'.
[2021-11-23 11:12:51.756] [warning] Couldn't find file 'foot.vtp'.
[2021-11-23 11:12:51.756] [warning] Couldn't find file 'bofoot.vtp'.
[2021-11-23 11:12:51.756] [warning] Couldn't find file 'l_femur.vtp'.
[2021-11-23 11:12:51.756] [warning] Couldn't find file 'l_tibia.vtp'.
[2021-11-23 11:12:51.756] [warning] Couldn't find file 'l_fibula.vtp'.
[2021-11-23 11:12:51.756] [warning] Couldn't find file 'l_talus.vtp'.
[2021-11-23 11:12:51.756] [warning] Couldn't find file 'l_foot.vtp'.
[2021-11-23 11:12:51.756] [warning] Couldn't find file 'l_bofoot.vtp'.
[2021-11-23 11:12:51.756] [warning] Couldn't find file 'hat_spine.vtp'.
[2021-11-23 11:12:51.756] [warning] Couldn't find file 'hat_jaw.vtp'.
[2021-11-23 11:12:51.756] [warning] Couldn't find file 'hat_skull.vtp'.
[2021-11-23 11:12:51.756] [warning] Couldn't find file 'hat_ribs.vtp'.
[2021-11-23 11:12:51.756] [info] ControllerSet 'Controllers' was renamed and is being reset to 'controllerset'.
[2021-11-23 11:12:51.762] [cout] [info] 
               MODEL: subject01
         coordinates: 23
              forces: 54
           actuators: 54
             muscles: 54
            analyses: 0
              probes: 0
              bodies: 12
              joints: 12
         constraints: 0
             markers: 39
         controllers: 0
  contact geometries: 0
misc modelcomponents: 0
[2021-11-23 11:12:51.762] [info] Running tool subject01...
[2021-11-23 11:12:51.785] [info] Old version storage/motion file encountered
[2021-11-23 11:12:51.785] [info] Storage: read data file = subject01_walk1_grf.mot (nr=9009 nc=19)
[2021-11-23 11:12:51.785] [info] .. assuming rotations in Degrees..
[2021-11-23 11:12:51.878] [info] ExternalForce::RightForce Data source being set to subject01_walk1_grf.mot
[2021-11-23 11:12:51.878] [info] ExternalForce::LeftForce Data source being set to subject01_walk1_grf.mot
[2021-11-23 11:12:51.903] [info] Old version storage/motion file encountered
[2021-11-23 11:12:51.903] [info] Storage: read data file = subject01_walk1_ik.mot (nr=211 nc=24)
[2021-11-23 11:12:51.903] [info] .. assuming rotations in Degrees..
[2021-11-23 11:12:51.907] [info] Low-pass filtering coordinates data with a cutoff frequency of 6.0...
[2021-11-23 11:12:53.721] [info] InverseDynamicsTool: 67 time frames in 1 second(s).
[2021-11-23 11:13:30.908] [info] Reading object from file [gait2354_IK_Tasks_uniform.xml] cwd =/home/navier/Projects/Opensim_Nov_18th/zeno/assets/opensim.
[2021-11-23 11:13:30.916] [info] Updating Model file from 20303 to latest format...
[2021-11-23 11:13:30.965] [info] Loaded model subject01 from file subject01_simbody.osim
[2021-11-23 11:13:30.966] [warning] Couldn't find file 'sacrum.vtp'.
[2021-11-23 11:13:30.966] [warning] Couldn't find file 'pelvis.vtp'.
[2021-11-23 11:13:30.966] [warning] Couldn't find file 'l_pelvis.vtp'.
[2021-11-23 11:13:30.966] [warning] Couldn't find file 'femur.vtp'.
[2021-11-23 11:13:30.966] [warning] Couldn't find file 'tibia.vtp'.
[2021-11-23 11:13:30.966] [warning] Couldn't find file 'fibula.vtp'.
[2021-11-23 11:13:30.966] [warning] Couldn't find file 'talus.vtp'.
[2021-11-23 11:13:30.966] [warning] Couldn't find file 'foot.vtp'.
[2021-11-23 11:13:30.966] [warning] Couldn't find file 'bofoot.vtp'.
[2021-11-23 11:13:30.966] [warning] Couldn't find file 'l_femur.vtp'.
[2021-11-23 11:13:30.966] [warning] Couldn't find file 'l_tibia.vtp'.
[2021-11-23 11:13:30.966] [warning] Couldn't find file 'l_fibula.vtp'.
[2021-11-23 11:13:30.967] [warning] Couldn't find file 'l_talus.vtp'.
[2021-11-23 11:13:30.967] [warning] Couldn't find file 'l_foot.vtp'.
[2021-11-23 11:13:30.967] [warning] Couldn't find file 'l_bofoot.vtp'.
[2021-11-23 11:13:30.967] [warning] Couldn't find file 'hat_spine.vtp'.
[2021-11-23 11:13:30.967] [warning] Couldn't find file 'hat_jaw.vtp'.
[2021-11-23 11:13:30.967] [warning] Couldn't find file 'hat_skull.vtp'.
[2021-11-23 11:13:30.967] [warning] Couldn't find file 'hat_ribs.vtp'.
[2021-11-23 11:13:30.967] [info] ControllerSet 'Controllers' was renamed and is being reset to 'controllerset'.
[2021-11-23 11:13:30.968] [info] ComponentSet 'MiscComponents' was renamed and is being reset to 'componentset'.
[2021-11-23 11:13:30.971] [cout] [info] 
               MODEL: subject01
         coordinates: 23
              forces: 54
           actuators: 54
             muscles: 54
            analyses: 0
              probes: 0
              bodies: 12
              joints: 12
         constraints: 0
             markers: 39
         controllers: 0
  contact geometries: 0
misc modelcomponents: 0
[2021-11-23 11:13:30.971] [info] Running tool subject01.
[2021-11-23 11:13:31.360] [info] InverseKinematicsTool completed 73 frames in 369 millisecond(s).
